c:\12.5\collter\x64\debug\balisefre.obj
c:\12.5\collter\x64\debug\dialog_changefreinfo.obj
c:\12.5\collter\x64\debug\main.obj
c:\12.5\collter\x64\debug\mytracer.obj
c:\12.5\collter\x64\debug\pcaploop.obj
c:\12.5\collter\x64\debug\trafficgetter.obj
c:\12.5\collter\x64\debug\moc_balisefre.obj
c:\12.5\collter\x64\debug\moc_dialog_changefreinfo.obj
c:\12.5\collter\x64\debug\moc_getfpgadata.obj
c:\12.5\collter\x64\debug\moc_mytracer.obj
c:\12.5\collter\x64\debug\moc_trafficgetter.obj
c:\12.5\collter\x64\debug\moc_mycustomplot.obj
c:\12.5\collter\x64\debug\balisemanager.obj
c:\12.5\collter\x64\debug\getfpgadata.obj
c:\12.5\collter\x64\debug\mainwindow.obj
c:\12.5\collter\x64\debug\mycustomplot.obj
c:\12.5\collter\x64\debug\qcustomplot.obj
c:\12.5\collter\x64\debug\moc_balisemanager.obj
c:\12.5\collter\x64\debug\moc_mainwindow.obj
c:\12.5\collter\x64\debug\moc_pcaploop.obj
c:\12.5\collter\x64\debug\moc_qcustomplot.obj
c:\12.5\collter\x64\debug\moc_sampledataanalyse.obj
c:\12.5\collter\x64\debug\balisemsganalyse.obj
c:\12.5\collter\x64\debug\balisedemod.obj
c:\12.5\collter\x64\debug\moc_balisedemod.obj
c:\12.5\collter\x64\debug\vc141.pdb
c:\12.5\collter\generatedfiles\debug\moc_balisedemod.cpp
c:\12.5\collter\generatedfiles\debug\moc_balisefre.cpp
c:\12.5\collter\generatedfiles\debug\moc_balisemanager.cpp
c:\12.5\collter\generatedfiles\debug\moc_dialog_changefreinfo.cpp
c:\12.5\collter\generatedfiles\debug\moc_getfpgadata.cpp
c:\12.5\collter\generatedfiles\debug\moc_mainwindow.cpp
c:\12.5\collter\generatedfiles\debug\moc_mytracer.cpp
c:\12.5\collter\generatedfiles\debug\moc_pcaploop.cpp
c:\12.5\collter\generatedfiles\debug\moc_qcustomplot.cpp
c:\12.5\collter\generatedfiles\debug\moc_trafficgetter.cpp
c:\12.5\collter\generatedfiles\debug\moc_mycustomplot.cpp
c:\12.5\collter\generatedfiles\debug\moc_sampledataanalyse.cpp
c:\12.5\collter\generatedfiles\ui_choosenetdialog.h
c:\12.5\collter\generatedfiles\ui_dialog_changefreinfo.h
c:\12.5\collter\generatedfiles\ui_mainwindow.h
c:\12.5\collter\debug\moc_predefs.h
c:\12.5\collter\.\generatedfiles\debug\moc_balisedemod.cpp
c:\12.5\collter\.\generatedfiles\debug\moc_balisefre.cpp
c:\12.5\collter\.\generatedfiles\debug\moc_balisemanager.cpp
c:\12.5\collter\.\generatedfiles\debug\moc_dialog_changefreinfo.cpp
c:\12.5\collter\.\generatedfiles\debug\moc_getfpgadata.cpp
c:\12.5\collter\.\generatedfiles\debug\moc_mainwindow.cpp
c:\12.5\collter\.\generatedfiles\debug\moc_mytracer.cpp
c:\12.5\collter\.\generatedfiles\debug\moc_pcaploop.cpp
c:\12.5\collter\.\generatedfiles\debug\moc_qcustomplot.cpp
c:\12.5\collter\.\generatedfiles\debug\moc_trafficgetter.cpp
c:\12.5\collter\.\generatedfiles\debug\moc_mycustomplot.cpp
c:\12.5\collter\.\generatedfiles\ui_choosenetdialog.h
c:\12.5\collter\.\generatedfiles\ui_dialog_changefreinfo.h
c:\12.5\collter\.\generatedfiles\ui_mainwindow.h
c:\12.5\collter\x64\debug\collter.tlog\cl.command.1.tlog
c:\12.5\collter\x64\debug\collter.tlog\cl.read.1.tlog
c:\12.5\collter\x64\debug\collter.tlog\cl.write.1.tlog
c:\12.5\collter\x64\debug\collter.tlog\collter.write.1u.tlog
c:\12.5\collter\x64\debug\collter.tlog\custombuild.command.1.tlog
c:\12.5\collter\x64\debug\collter.tlog\custombuild.read.1.tlog
c:\12.5\collter\x64\debug\collter.tlog\custombuild.write.1.tlog
c:\12.5\collter\x64\debug\collter.tlog\link-cvtres.read.1.tlog
c:\12.5\collter\x64\debug\collter.tlog\link-cvtres.write.1.tlog
c:\12.5\collter\x64\debug\collter.tlog\link-rc.read.1.tlog
c:\12.5\collter\x64\debug\collter.tlog\link-rc.write.1.tlog
c:\12.5\collter\x64\debug\collter.tlog\link.command.1.tlog
c:\12.5\collter\x64\debug\collter.tlog\link.read.1.tlog
c:\12.5\collter\x64\debug\collter.tlog\link.write.1.tlog
c:\12.5\collter\x64\debug\collter.tlog\qtmoc.read.1u.tlog
c:\12.5\collter\x64\debug\collter.tlog\qtmoc.write.1u.tlog
c:\12.5\collter\x64\debug\collter.tlog\qtuic.read.1u.tlog
c:\12.5\collter\x64\debug\collter.tlog\qtuic.write.1u.tlog
